<?xml version="1.0" encoding="UTF-8"?>
<!-- Generated by org.testng.reporters.JUnitXMLReporter -->
<testsuite ignored="0" hostname="DESKTOP-8GAKHLN" failures="1" tests="3" name="Test" time="10.521" errors="0" timestamp="16 Jun. 2021 02:02:39 GMT">
  <testcase classname="tests.test1" name="LoginwithEmptyEmail" time="1.135"/>
  <testcase classname="tests.test1" name="LoginwithEmptyPassword" time="0.654"/>
  <testcase classname="tests.test1" name="LoginwithwrongEmailandPassword" time="1.069">
    <failure type="java.lang.AssertionError" message="expected [Wrong Credentials
Invalid username or password] but found [You Can&amp;apos;t Use This Feature Right Now
We limit how often you can post, comment or do other things in a given amount of time in order to help protect the community from spam. You can try again later. Learn More]">
      <![CDATA[java.lang.AssertionError: expected [Wrong Credentials
Invalid username or password] but found [You Can't Use This Feature Right Now
We limit how often you can post, comment or do other things in a given amount of time in order to help protect the community from spam. You can try again later. Learn More]
at pages.test1page.error(test1page.java:60)
at tests.test1.LoginwithwrongEmailandPassword(test1.java:31)
... Removed 30 stack frames]]>
    </failure>
  </testcase> <!-- LoginwithwrongEmailandPassword -->
</testsuite> <!-- Test -->
